2025-06-04 16:36:29,744 - INFO - Initializing FirecrawlApp...
2025-06-04 16:36:29,746 - INFO - Found 9 valid URLs to scrape
2025-06-04 16:36:29,746 - INFO - Attempting to scrape https://www.replicate.com (attempt 1/3)...
2025-06-04 16:36:47,102 - INFO - ✅ Successfully scraped https://www.replicate.com
2025-06-04 16:36:47,103 - ERROR - ❌ Error scraping https://www.replicate.com: 'ScrapeResponse' object has no attribute 'get'
2025-06-04 16:36:47,103 - INFO - Retrying in 5 seconds... (attempt 2/3)
2025-06-04 16:36:52,103 - INFO - Attempting to scrape https://www.replicate.com (attempt 2/3)...
2025-06-04 16:36:52,104 - INFO - Waiting 10 seconds before next request...
2025-06-04 16:37:15,985 - INFO - ✅ Successfully scraped https://www.replicate.com
2025-06-04 16:37:15,986 - ERROR - ❌ Error scraping https://www.replicate.com: 'ScrapeResponse' object has no attribute 'get'
2025-06-04 16:37:15,987 - INFO - Retrying in 5 seconds... (attempt 3/3)
2025-06-04 16:37:20,990 - INFO - Attempting to scrape https://www.replicate.com (attempt 3/3)...
2025-06-04 16:37:20,990 - INFO - Waiting 10 seconds before next request...
2025-06-04 16:37:38,403 - INFO - ✅ Successfully scraped https://www.replicate.com
2025-06-04 16:37:38,403 - ERROR - ❌ Error scraping https://www.replicate.com: 'ScrapeResponse' object has no attribute 'get'
2025-06-04 16:37:38,403 - ERROR - Max retries reached for https://www.replicate.com
2025-06-04 16:37:38,403 - INFO - Attempting to scrape https://www.huggingface.co (attempt 1/3)...
2025-06-04 16:37:38,403 - INFO - Waiting 10 seconds before next request...
2025-06-04 16:38:27,337 - INFO - ✅ Successfully scraped https://www.huggingface.co
2025-06-04 16:38:27,338 - ERROR - ❌ Error scraping https://www.huggingface.co: 'ScrapeResponse' object has no attribute 'get'
2025-06-04 16:38:27,338 - INFO - Retrying in 5 seconds... (attempt 2/3)
2025-06-04 16:38:32,343 - INFO - Attempting to scrape https://www.huggingface.co (attempt 2/3)...
